# JRE version: OpenJDK Runtime Environment (15.0.1+9) (build 15.0.1+9-18)
# Java VM: OpenJDK 64-Bit Server VM (15.0.1+9-18, mixed mode, tiered, compressed oops, g1 gc, windows-amd64)
GC Precious Log:
 CPUs: 6 total, 6 available
 Memory: 7564M
 Large Page Support: Disabled
 NUMA Support: Disabled
 Compressed Oops: Enabled (32-bit)
 Heap Region Size: 1M
 Heap Min Capacity: 8M
 Heap Initial Capacity: 120M
 Heap Max Capacity: 1892M
 Pre-touch: Disabled
 Parallel Workers: 6
 Concurrent Workers: 2
 Concurrent Refinement Workers: 6
 Periodic GC: Disabled
Heap:
 garbage-first heap   total 497664K, used 89328K [0x0000000089c00000, 0x0000000100000000)
  region size 1024K, 5 young (5120K), 5 survivors (5120K)
 Metaspace       used 22967K, capacity 23250K, committed 23344K, reserved 1071104K
  class space    used 2213K, capacity 2283K, committed 2352K, reserved 1048576K
GC Heap History (20 events):
Event: 4.899 GC heap after
{Heap after GC invocations=13 (full 0):
 garbage-first heap   total 71680K, used 33630K [0x0000000089c00000, 0x0000000100000000)
  region size 1024K, 1 young (1024K), 1 survivors (1024K)
 Metaspace       used 22780K, capacity 22982K, committed 23088K, reserved 1071104K
  class space    used 2212K, capacity 2281K, committed 2352K, reserved 1048576K
}
Event: 4.902 GC heap before
{Heap before GC invocations=13 (full 0):
 garbage-first heap   total 71680K, used 34654K [0x0000000089c00000, 0x0000000100000000)
  region size 1024K, 3 young (3072K), 1 survivors (1024K)
 Metaspace       used 22780K, capacity 22982K, committed 23088K, reserved 1071104K
  class space    used 2212K, capacity 2281K, committed 2352K, reserved 1048576K
}
Event: 4.905 GC heap after
{Heap after GC invocations=14 (full 0):
 garbage-first heap   total 71680K, used 30751K [0x0000000089c00000, 0x0000000100000000)
  region size 1024K, 1 young (1024K), 1 survivors (1024K)
 Metaspace       used 22780K, capacity 22982K, committed 23088K, reserved 1071104K
  class space    used 2212K, capacity 2281K, committed 2352K, reserved 1048576K
}
Event: 4.952 GC heap before
{Heap before GC invocations=14 (full 0):
 garbage-first heap   total 71680K, used 46111K [0x0000000089c00000, 0x0000000100000000)
  region size 1024K, 17 young (17408K), 1 survivors (1024K)
 Metaspace       used 22788K, capacity 22982K, committed 23088K, reserved 1071104K
  class space    used 2212K, capacity 2281K, committed 2352K, reserved 1048576K
}
Event: 4.956 GC heap after
{Heap after GC invocations=15 (full 0):
 garbage-first heap   total 71680K, used 43629K [0x0000000089c00000, 0x0000000100000000)
  region size 1024K, 3 young (3072K), 3 survivors (3072K)
 Metaspace       used 22788K, capacity 22982K, committed 23088K, reserved 1071104K
  class space    used 2212K, capacity 2281K, committed 2352K, reserved 1048576K
}
Event: 4.971 GC heap before
{Heap before GC invocations=15 (full 0):
 garbage-first heap   total 71680K, used 50797K [0x0000000089c00000, 0x0000000100000000)
  region size 1024K, 10 young (10240K), 3 survivors (3072K)
 Metaspace       used 22788K, capacity 22982K, committed 23088K, reserved 1071104K
  class space    used 2212K, capacity 2281K, committed 2352K, reserved 1048576K
}
Event: 4.976 GC heap after
{Heap after GC invocations=16 (full 0):
 garbage-first heap   total 71680K, used 51200K [0x0000000089c00000, 0x0000000100000000)
  region size 1024K, 2 young (2048K), 2 survivors (2048K)
 Metaspace       used 22788K, capacity 22982K, committed 23088K, reserved 1071104K
  class space    used 2212K, capacity 2281K, committed 2352K, reserved 1048576K
}
Event: 4.991 GC heap before
{Heap before GC invocations=16 (full 0):
 garbage-first heap   total 89088K, used 53248K [0x0000000089c00000, 0x0000000100000000)
  region size 1024K, 6 young (6144K), 2 survivors (2048K)
 Metaspace       used 22788K, capacity 22982K, committed 23088K, reserved 1071104K
  class space    used 2212K, capacity 2281K, committed 2352K, reserved 1048576K
}
Event: 4.995 GC heap after
{Heap after GC invocations=17 (full 0):
 garbage-first heap   total 89088K, used 53006K [0x0000000089c00000, 0x0000000100000000)
  region size 1024K, 1 young (1024K), 1 survivors (1024K)
 Metaspace       used 22788K, capacity 22982K, committed 23088K, reserved 1071104K
  class space    used 2212K, capacity 2281K, committed 2352K, reserved 1048576K
}
Event: 5.029 GC heap before
{Heap before GC invocations=18 (full 0):
 garbage-first heap   total 89088K, used 61198K [0x0000000089c00000, 0x0000000100000000)
  region size 1024K, 9 young (9216K), 1 survivors (1024K)
 Metaspace       used 22788K, capacity 22982K, committed 23088K, reserved 1071104K
  class space    used 2212K, capacity 2281K, committed 2352K, reserved 1048576K
}
Event: 5.032 GC heap after
{Heap after GC invocations=19 (full 0):
 garbage-first heap   total 89088K, used 55802K [0x0000000089c00000, 0x0000000100000000)
  region size 1024K, 2 young (2048K), 2 survivors (2048K)
 Metaspace       used 22788K, capacity 22982K, committed 23088K, reserved 1071104K
  class space    used 2212K, capacity 2281K, committed 2352K, reserved 1048576K
}
Event: 5.042 GC heap before
{Heap before GC invocations=19 (full 0):
 garbage-first heap   total 89088K, used 57850K [0x0000000089c00000, 0x0000000100000000)
  region size 1024K, 4 young (4096K), 2 survivors (2048K)
 Metaspace       used 22788K, capacity 22982K, committed 23088K, reserved 1071104K
  class space    used 2212K, capacity 2281K, committed 2352K, reserved 1048576K
}
Event: 5.045 GC heap after
{Heap after GC invocations=20 (full 0):
 garbage-first heap   total 178176K, used 47508K [0x0000000089c00000, 0x0000000100000000)
  region size 1024K, 1 young (1024K), 1 survivors (1024K)
 Metaspace       used 22788K, capacity 22982K, committed 23088K, reserved 1071104K
  class space    used 2212K, capacity 2281K, committed 2352K, reserved 1048576K
}
Event: 5.066 GC heap before
{Heap before GC invocations=20 (full 0):
 garbage-first heap   total 178176K, used 53652K [0x0000000089c00000, 0x0000000100000000)
  region size 1024K, 8 young (8192K), 1 survivors (1024K)
 Metaspace       used 22818K, capacity 23046K, committed 23344K, reserved 1071104K
  class space    used 2212K, capacity 2281K, committed 2352K, reserved 1048576K
}
Event: 5.073 GC heap after
{Heap after GC invocations=21 (full 0):
 garbage-first heap   total 178176K, used 41455K [0x0000000089c00000, 0x0000000100000000)
  region size 1024K, 1 young (1024K), 1 survivors (1024K)
 Metaspace       used 22818K, capacity 23046K, committed 23344K, reserved 1071104K
  class space    used 2212K, capacity 2281K, committed 2352K, reserved 1048576K
}
Event: 5.193 GC heap before
{Heap before GC invocations=21 (full 0):
 garbage-first heap   total 178176K, used 94703K [0x0000000089c00000, 0x0000000100000000)
  region size 1024K, 51 young (52224K), 1 survivors (1024K)
 Metaspace       used 22885K, capacity 23116K, committed 23344K, reserved 1071104K
  class space    used 2212K, capacity 2282K, committed 2352K, reserved 1048576K
}
Event: 5.200 GC heap after
{Heap after GC invocations=22 (full 0):
 garbage-first heap   total 178176K, used 56523K [0x0000000089c00000, 0x0000000100000000)
  region size 1024K, 7 young (7168K), 7 survivors (7168K)
 Metaspace       used 22885K, capacity 23116K, committed 23344K, reserved 1071104K
  class space    used 2212K, capacity 2282K, committed 2352K, reserved 1048576K
}
Event: 5.303 GC heap before
{Heap before GC invocations=22 (full 0):
 garbage-first heap   total 178176K, used 109771K [0x0000000089c00000, 0x0000000100000000)
  region size 1024K, 57 young (58368K), 7 survivors (7168K)
 Metaspace       used 22926K, capacity 23180K, committed 23344K, reserved 1071104K
  class space    used 2212K, capacity 2282K, committed 2352K, reserved 1048576K
}
Event: 5.320 GC heap after
{Heap after GC invocations=23 (full 0):
 garbage-first heap   total 178176K, used 83642K [0x0000000089c00000, 0x0000000100000000)
  region size 1024K, 8 young (8192K), 8 survivors (8192K)
 Metaspace       used 22926K, capacity 23180K, committed 23344K, reserved 1071104K
  class space    used 2212K, capacity 2282K, committed 2352K, reserved 1048576K
}
Event: 5.446 GC heap before
{Heap before GC invocations=23 (full 0):
 garbage-first heap   total 178176K, used 117434K [0x0000000089c00000, 0x0000000100000000)
  region size 1024K, 40 young (40960K), 8 survivors (8192K)
 Metaspace       used 22967K, capacity 23250K, committed 23344K, reserved 1071104K
  class space    used 2213K, capacity 2283K, committed 2352K, reserved 1048576K
}

