# JRE version: OpenJDK Runtime Environment (15.0.1+9) (build 15.0.1+9-18)
# Java VM: OpenJDK 64-Bit Server VM (15.0.1+9-18, mixed mode, tiered, compressed oops, g1 gc, windows-amd64)
GC Precious Log:
 CPUs: 6 total, 6 available
 Memory: 7564M
 Large Page Support: Disabled
 NUMA Support: Disabled
 Compressed Oops: Enabled (32-bit)
 Heap Region Size: 1M
 Heap Min Capacity: 8M
 Heap Initial Capacity: 120M
 Heap Max Capacity: 1892M
 Pre-touch: Disabled
 Parallel Workers: 6
 Concurrent Workers: 2
 Concurrent Refinement Workers: 6
 Periodic GC: Disabled
Heap:
 garbage-first heap   total 518144K, used 90624K [0x0000000089c00000, 0x0000000100000000)
  region size 1024K, 5 young (5120K), 5 survivors (5120K)
 Metaspace       used 22810K, capacity 23070K, committed 23216K, reserved 1071104K
  class space    used 2193K, capacity 2283K, committed 2304K, reserved 1048576K
GC Heap History (20 events):
Event: 13.945 GC heap after
{Heap after GC invocations=13 (full 0):
 garbage-first heap   total 70656K, used 32709K [0x0000000089c00000, 0x0000000100000000)
  region size 1024K, 1 young (1024K), 1 survivors (1024K)
 Metaspace       used 22638K, capacity 22866K, committed 22960K, reserved 1071104K
  class space    used 2191K, capacity 2281K, committed 2304K, reserved 1048576K
}
Event: 13.948 GC heap before
{Heap before GC invocations=13 (full 0):
 garbage-first heap   total 70656K, used 33733K [0x0000000089c00000, 0x0000000100000000)
  region size 1024K, 3 young (3072K), 1 survivors (1024K)
 Metaspace       used 22638K, capacity 22866K, committed 22960K, reserved 1071104K
  class space    used 2191K, capacity 2281K, committed 2304K, reserved 1048576K
}
Event: 13.951 GC heap after
{Heap after GC invocations=14 (full 0):
 garbage-first heap   total 70656K, used 29667K [0x0000000089c00000, 0x0000000100000000)
  region size 1024K, 1 young (1024K), 1 survivors (1024K)
 Metaspace       used 22638K, capacity 22866K, committed 22960K, reserved 1071104K
  class space    used 2191K, capacity 2281K, committed 2304K, reserved 1048576K
}
Event: 13.995 GC heap before
{Heap before GC invocations=14 (full 0):
 garbage-first heap   total 70656K, used 47075K [0x0000000089c00000, 0x0000000100000000)
  region size 1024K, 18 young (18432K), 1 survivors (1024K)
 Metaspace       used 22643K, capacity 22930K, committed 23216K, reserved 1071104K
  class space    used 2191K, capacity 2281K, committed 2304K, reserved 1048576K
}
Event: 14.001 GC heap after
{Heap after GC invocations=15 (full 0):
 garbage-first heap   total 70656K, used 42561K [0x0000000089c00000, 0x0000000100000000)
  region size 1024K, 3 young (3072K), 3 survivors (3072K)
 Metaspace       used 22643K, capacity 22930K, committed 23216K, reserved 1071104K
  class space    used 2191K, capacity 2281K, committed 2304K, reserved 1048576K
}
Event: 14.012 GC heap before
{Heap before GC invocations=15 (full 0):
 garbage-first heap   total 70656K, used 49729K [0x0000000089c00000, 0x0000000100000000)
  region size 1024K, 10 young (10240K), 3 survivors (3072K)
 Metaspace       used 22643K, capacity 22930K, committed 23216K, reserved 1071104K
  class space    used 2191K, capacity 2281K, committed 2304K, reserved 1048576K
}
Event: 14.017 GC heap after
{Heap after GC invocations=16 (full 0):
 garbage-first heap   total 70656K, used 50176K [0x0000000089c00000, 0x0000000100000000)
  region size 1024K, 2 young (2048K), 2 survivors (2048K)
 Metaspace       used 22643K, capacity 22930K, committed 23216K, reserved 1071104K
  class space    used 2191K, capacity 2281K, committed 2304K, reserved 1048576K
}
Event: 14.027 GC heap before
{Heap before GC invocations=16 (full 0):
 garbage-first heap   total 70656K, used 54272K [0x0000000089c00000, 0x0000000100000000)
  region size 1024K, 6 young (6144K), 2 survivors (2048K)
 Metaspace       used 22643K, capacity 22930K, committed 23216K, reserved 1071104K
  class space    used 2191K, capacity 2281K, committed 2304K, reserved 1048576K
}
Event: 14.030 GC heap after
{Heap after GC invocations=17 (full 0):
 garbage-first heap   total 70656K, used 54015K [0x0000000089c00000, 0x0000000100000000)
  region size 1024K, 1 young (1024K), 1 survivors (1024K)
 Metaspace       used 22643K, capacity 22930K, committed 23216K, reserved 1071104K
  class space    used 2191K, capacity 2281K, committed 2304K, reserved 1048576K
}
Event: 14.039 GC heap before
{Heap before GC invocations=17 (full 0):
 garbage-first heap   total 89088K, used 54015K [0x0000000089c00000, 0x0000000100000000)
  region size 1024K, 3 young (3072K), 1 survivors (1024K)
 Metaspace       used 22643K, capacity 22930K, committed 23216K, reserved 1071104K
  class space    used 2191K, capacity 2281K, committed 2304K, reserved 1048576K
}
Event: 14.040 GC heap after
{Heap after GC invocations=18 (full 0):
 garbage-first heap   total 89088K, used 53207K [0x0000000089c00000, 0x0000000100000000)
  region size 1024K, 1 young (1024K), 1 survivors (1024K)
 Metaspace       used 22643K, capacity 22930K, committed 23216K, reserved 1071104K
  class space    used 2191K, capacity 2281K, committed 2304K, reserved 1048576K
}
Event: 14.069 GC heap before
{Heap before GC invocations=19 (full 0):
 garbage-first heap   total 89088K, used 61399K [0x0000000089c00000, 0x0000000100000000)
  region size 1024K, 9 young (9216K), 1 survivors (1024K)
 Metaspace       used 22644K, capacity 22930K, committed 23216K, reserved 1071104K
  class space    used 2191K, capacity 2281K, committed 2304K, reserved 1048576K
}
Event: 14.074 GC heap after
{Heap after GC invocations=20 (full 0):
 garbage-first heap   total 178176K, used 55429K [0x0000000089c00000, 0x0000000100000000)
  region size 1024K, 2 young (2048K), 2 survivors (2048K)
 Metaspace       used 22644K, capacity 22930K, committed 23216K, reserved 1071104K
  class space    used 2191K, capacity 2281K, committed 2304K, reserved 1048576K
}
Event: 14.093 GC heap before
{Heap before GC invocations=20 (full 0):
 garbage-first heap   total 178176K, used 61573K [0x0000000089c00000, 0x0000000100000000)
  region size 1024K, 8 young (8192K), 2 survivors (2048K)
 Metaspace       used 22670K, capacity 22930K, committed 23216K, reserved 1071104K
  class space    used 2191K, capacity 2281K, committed 2304K, reserved 1048576K
}
Event: 14.100 GC heap after
{Heap after GC invocations=21 (full 0):
 garbage-first heap   total 178176K, used 43381K [0x0000000089c00000, 0x0000000100000000)
  region size 1024K, 1 young (1024K), 1 survivors (1024K)
 Metaspace       used 22670K, capacity 22930K, committed 23216K, reserved 1071104K
  class space    used 2191K, capacity 2281K, committed 2304K, reserved 1048576K
}
Event: 14.263 GC heap before
{Heap before GC invocations=21 (full 0):
 garbage-first heap   total 178176K, used 94581K [0x0000000089c00000, 0x0000000100000000)
  region size 1024K, 50 young (51200K), 1 survivors (1024K)
 Metaspace       used 22734K, capacity 22936K, committed 23216K, reserved 1071104K
  class space    used 2192K, capacity 2282K, committed 2304K, reserved 1048576K
}
Event: 14.271 GC heap after
{Heap after GC invocations=22 (full 0):
 garbage-first heap   total 178176K, used 58732K [0x0000000089c00000, 0x0000000100000000)
  region size 1024K, 7 young (7168K), 7 survivors (7168K)
 Metaspace       used 22734K, capacity 22936K, committed 23216K, reserved 1071104K
  class space    used 2192K, capacity 2282K, committed 2304K, reserved 1048576K
}
Event: 14.411 GC heap before
{Heap before GC invocations=22 (full 0):
 garbage-first heap   total 178176K, used 109932K [0x0000000089c00000, 0x0000000100000000)
  region size 1024K, 56 young (57344K), 7 survivors (7168K)
 Metaspace       used 22775K, capacity 23000K, committed 23216K, reserved 1071104K
  class space    used 2192K, capacity 2282K, committed 2304K, reserved 1048576K
}
Event: 14.430 GC heap after
{Heap after GC invocations=23 (full 0):
 garbage-first heap   total 178176K, used 83651K [0x0000000089c00000, 0x0000000100000000)
  region size 1024K, 7 young (7168K), 7 survivors (7168K)
 Metaspace       used 22775K, capacity 23000K, committed 23216K, reserved 1071104K
  class space    used 2192K, capacity 2282K, committed 2304K, reserved 1048576K
}
Event: 14.559 GC heap before
{Heap before GC invocations=23 (full 0):
 garbage-first heap   total 178176K, used 118467K [0x0000000089c00000, 0x0000000100000000)
  region size 1024K, 40 young (40960K), 7 survivors (7168K)
 Metaspace       used 22810K, capacity 23070K, committed 23216K, reserved 1071104K
  class space    used 2193K, capacity 2283K, committed 2304K, reserved 1048576K
}

