# JRE version: OpenJDK Runtime Environment (15.0.1+9) (build 15.0.1+9-18)
# Java VM: OpenJDK 64-Bit Server VM (15.0.1+9-18, mixed mode, tiered, compressed oops, g1 gc, windows-amd64)
GC Precious Log:
 CPUs: 6 total, 6 available
 Memory: 7564M
 Large Page Support: Disabled
 NUMA Support: Disabled
 Compressed Oops: Enabled (32-bit)
 Heap Region Size: 1M
 Heap Min Capacity: 8M
 Heap Initial Capacity: 120M
 Heap Max Capacity: 1892M
 Pre-touch: Disabled
 Parallel Workers: 6
 Concurrent Workers: 2
 Concurrent Refinement Workers: 6
 Periodic GC: Disabled
Heap:
 garbage-first heap   total 824320K, used 143044K [0x0000000089c00000, 0x0000000100000000)
  region size 1024K, 14 young (14336K), 14 survivors (14336K)
 Metaspace       used 23165K, capacity 23440K, committed 23472K, reserved 1071104K
  class space    used 2205K, capacity 2292K, committed 2304K, reserved 1048576K
GC Heap History (20 events):
Event: 6.390 GC heap after
{Heap after GC invocations=17 (full 0):
 garbage-first heap   total 70656K, used 52474K [0x0000000089c00000, 0x0000000100000000)
  region size 1024K, 1 young (1024K), 1 survivors (1024K)
 Metaspace       used 22708K, capacity 22990K, committed 23216K, reserved 1071104K
  class space    used 2198K, capacity 2281K, committed 2304K, reserved 1048576K
}
Event: 6.400 GC heap before
{Heap before GC invocations=17 (full 0):
 garbage-first heap   total 86016K, used 51450K [0x0000000089c00000, 0x0000000100000000)
  region size 1024K, 3 young (3072K), 1 survivors (1024K)
 Metaspace       used 22708K, capacity 22990K, committed 23216K, reserved 1071104K
  class space    used 2198K, capacity 2281K, committed 2304K, reserved 1048576K
}
Event: 6.401 GC heap after
{Heap after GC invocations=18 (full 0):
 garbage-first heap   total 86016K, used 50641K [0x0000000089c00000, 0x0000000100000000)
  region size 1024K, 1 young (1024K), 1 survivors (1024K)
 Metaspace       used 22708K, capacity 22990K, committed 23216K, reserved 1071104K
  class space    used 2198K, capacity 2281K, committed 2304K, reserved 1048576K
}
Event: 6.432 GC heap before
{Heap before GC invocations=19 (full 0):
 garbage-first heap   total 86016K, used 58833K [0x0000000089c00000, 0x0000000100000000)
  region size 1024K, 9 young (9216K), 1 survivors (1024K)
 Metaspace       used 22708K, capacity 22990K, committed 23216K, reserved 1071104K
  class space    used 2198K, capacity 2281K, committed 2304K, reserved 1048576K
}
Event: 6.436 GC heap after
{Heap after GC invocations=20 (full 0):
 garbage-first heap   total 172032K, used 52870K [0x0000000089c00000, 0x0000000100000000)
  region size 1024K, 2 young (2048K), 2 survivors (2048K)
 Metaspace       used 22708K, capacity 22990K, committed 23216K, reserved 1071104K
  class space    used 2198K, capacity 2281K, committed 2304K, reserved 1048576K
}
Event: 6.458 GC heap before
{Heap before GC invocations=20 (full 0):
 garbage-first heap   total 172032K, used 59014K [0x0000000089c00000, 0x0000000100000000)
  region size 1024K, 8 young (8192K), 2 survivors (2048K)
 Metaspace       used 22733K, capacity 22990K, committed 23216K, reserved 1071104K
  class space    used 2198K, capacity 2281K, committed 2304K, reserved 1048576K
}
Event: 6.463 GC heap after
{Heap after GC invocations=21 (full 0):
 garbage-first heap   total 172032K, used 42118K [0x0000000089c00000, 0x0000000100000000)
  region size 1024K, 1 young (1024K), 1 survivors (1024K)
 Metaspace       used 22733K, capacity 22990K, committed 23216K, reserved 1071104K
  class space    used 2198K, capacity 2281K, committed 2304K, reserved 1048576K
}
Event: 6.642 GC heap before
{Heap before GC invocations=21 (full 0):
 garbage-first heap   total 172032K, used 92294K [0x0000000089c00000, 0x0000000100000000)
  region size 1024K, 49 young (50176K), 1 survivors (1024K)
 Metaspace       used 22796K, capacity 23060K, committed 23216K, reserved 1071104K
  class space    used 2199K, capacity 2282K, committed 2304K, reserved 1048576K
}
Event: 6.651 GC heap after
{Heap after GC invocations=22 (full 0):
 garbage-first heap   total 172032K, used 57224K [0x0000000089c00000, 0x0000000100000000)
  region size 1024K, 7 young (7168K), 7 survivors (7168K)
 Metaspace       used 22796K, capacity 23060K, committed 23216K, reserved 1071104K
  class space    used 2199K, capacity 2282K, committed 2304K, reserved 1048576K
}
Event: 6.783 GC heap before
{Heap before GC invocations=22 (full 0):
 garbage-first heap   total 172032K, used 106376K [0x0000000089c00000, 0x0000000100000000)
  region size 1024K, 54 young (55296K), 7 survivors (7168K)
 Metaspace       used 22838K, capacity 23124K, committed 23216K, reserved 1071104K
  class space    used 2199K, capacity 2282K, committed 2304K, reserved 1048576K
}
Event: 6.800 GC heap after
{Heap after GC invocations=23 (full 0):
 garbage-first heap   total 172032K, used 79750K [0x0000000089c00000, 0x0000000100000000)
  region size 1024K, 7 young (7168K), 7 survivors (7168K)
 Metaspace       used 22838K, capacity 23124K, committed 23216K, reserved 1071104K
  class space    used 2199K, capacity 2282K, committed 2304K, reserved 1048576K
}
Event: 6.894 GC heap before
{Heap before GC invocations=23 (full 0):
 garbage-first heap   total 172032K, used 115590K [0x0000000089c00000, 0x0000000100000000)
  region size 1024K, 40 young (40960K), 7 survivors (7168K)
 Metaspace       used 22874K, capacity 23130K, committed 23216K, reserved 1071104K
  class space    used 2200K, capacity 2283K, committed 2304K, reserved 1048576K
}
Event: 6.911 GC heap after
{Heap after GC invocations=24 (full 0):
 garbage-first heap   total 446464K, used 95744K [0x0000000089c00000, 0x0000000100000000)
  region size 1024K, 5 young (5120K), 5 survivors (5120K)
 Metaspace       used 22874K, capacity 23130K, committed 23216K, reserved 1071104K
  class space    used 2200K, capacity 2283K, committed 2304K, reserved 1048576K
}
Event: 7.151 GC heap before
{Heap before GC invocations=24 (full 0):
 garbage-first heap   total 446464K, used 205312K [0x0000000089c00000, 0x0000000100000000)
  region size 1024K, 111 young (113664K), 5 survivors (5120K)
 Metaspace       used 22956K, capacity 23248K, committed 23472K, reserved 1071104K
  class space    used 2205K, capacity 2292K, committed 2304K, reserved 1048576K
}
Event: 7.169 GC heap after
{Heap after GC invocations=25 (full 0):
 garbage-first heap   total 446464K, used 121856K [0x0000000089c00000, 0x0000000100000000)
  region size 1024K, 14 young (14336K), 14 survivors (14336K)
 Metaspace       used 22956K, capacity 23248K, committed 23472K, reserved 1071104K
  class space    used 2205K, capacity 2292K, committed 2304K, reserved 1048576K
}
Event: 7.479 GC heap before
{Heap before GC invocations=25 (full 0):
 garbage-first heap   total 446464K, used 303104K [0x0000000089c00000, 0x0000000100000000)
  region size 1024K, 186 young (190464K), 14 survivors (14336K)
 Metaspace       used 23030K, capacity 23312K, committed 23472K, reserved 1071104K
  class space    used 2205K, capacity 2292K, committed 2304K, reserved 1048576K
}
Event: 7.502 GC heap after
{Heap after GC invocations=26 (full 0):
 garbage-first heap   total 446464K, used 139247K [0x0000000089c00000, 0x0000000100000000)
  region size 1024K, 24 young (24576K), 24 survivors (24576K)
 Metaspace       used 23030K, capacity 23312K, committed 23472K, reserved 1071104K
  class space    used 2205K, capacity 2292K, committed 2304K, reserved 1048576K
}
Event: 7.818 GC heap before
{Heap before GC invocations=26 (full 0):
 garbage-first heap   total 446464K, used 316399K [0x0000000089c00000, 0x0000000100000000)
  region size 1024K, 192 young (196608K), 24 survivors (24576K)
 Metaspace       used 23120K, capacity 23440K, committed 23472K, reserved 1071104K
  class space    used 2205K, capacity 2292K, committed 2304K, reserved 1048576K
}
Event: 7.835 GC heap after
{Heap after GC invocations=27 (full 0):
 garbage-first heap   total 446464K, used 150766K [0x0000000089c00000, 0x0000000100000000)
  region size 1024K, 23 young (23552K), 23 survivors (23552K)
 Metaspace       used 23120K, capacity 23440K, committed 23472K, reserved 1071104K
  class space    used 2205K, capacity 2292K, committed 2304K, reserved 1048576K
}
Event: 8.097 GC heap before
{Heap before GC invocations=27 (full 0):
 garbage-first heap   total 446464K, used 327918K [0x0000000089c00000, 0x0000000100000000)
  region size 1024K, 191 young (195584K), 23 survivors (23552K)
 Metaspace       used 23165K, capacity 23440K, committed 23472K, reserved 1071104K
  class space    used 2205K, capacity 2292K, committed 2304K, reserved 1048576K
}

